Build started 4/16/2015 9:33:39 PM.
     1>Project "C:\Users\Craig\Desktop\Stuff\Games\OpenGlGame01\OpenGlGame01\OpenGlGame01.vcxproj" on node 2 (Build target(s)).
     1>ClCompile:
         C:\Program Files (x86)\Microsoft Visual Studio 12.0\VC\bin\CL.exe /c /I.\include /Zi /nologo /W3 /WX- /sdl /O2 /Oi /Oy- /GL /D _CRT_SECURE_NO_DEPRECATE /D _CRT_NONSTDC_NO_DEPRECATE /D _MBCS /Gm- /EHsc /MD /GS /Gy /fp:precise /Zc:wchar_t /Zc:forScope /Fo"Release\\" /Fd"Release\vc120.pdb" /Gd /TP /analyze- /errorReport:prompt AirBlock.cpp Block.cpp DirtBlock.cpp Game.cpp GrassBlock.cpp StoneBlock.cpp Textures.cpp Waves.cpp World.cpp main.cpp
         AirBlock.cpp
         Block.cpp
         DirtBlock.cpp
         Game.cpp
         GrassBlock.cpp
         StoneBlock.cpp
         Textures.cpp
         Waves.cpp
         World.cpp
         main.cpp
     1>C:\Program Files (x86)\Windows Kits\8.1\Include\shared\minwindef.h(130): warning C4005: 'APIENTRY' : macro redefinition
                 C:\Users\Craig\Desktop\Stuff\Games\OpenGlGame01\OpenGlGame01\include\GLFW\glfw3.h(96) : see previous definition of 'APIENTRY'
       Link:
         C:\Program Files (x86)\Microsoft Visual Studio 12.0\VC\bin\link.exe /ERRORREPORT:PROMPT /OUT:"C:\Users\Craig\Desktop\Stuff\Games\OpenGlGame01\Release\OpenGlGame01.exe" /NOLOGO /LIBPATH:.\lib opengl32.lib glfw3.lib glfw3dll.lib glew32.lib glew32s.lib SOIL.lib glut32.lib kernel32.lib user32.lib gdi32.lib winspool.lib comdlg32.lib advapi32.lib shell32.lib ole32.lib oleaut32.lib uuid.lib odbc32.lib odbccp32.lib /MANIFEST /MANIFESTUAC:"level='asInvoker' uiAccess='false'" /manifest:embed /DEBUG /PDB:"C:\Users\Craig\Desktop\Stuff\Games\OpenGlGame01\Release\OpenGlGame01.pdb" /OPT:REF /OPT:ICF /LTCG /TLBID:1 /DYNAMICBASE /NXCOMPAT /IMPLIB:"C:\Users\Craig\Desktop\Stuff\Games\OpenGlGame01\Release\OpenGlGame01.lib" /MACHINE:X86 /SAFESEH Release\AirBlock.obj
         Release\Block.obj
         Release\DirtBlock.obj
         Release\Enemy5.obj
         Release\Enemy.obj
         Release\Enemy1.obj
         Release\Enemy2.obj
         Release\Enemy3.obj
         Release\Enemy4.obj
         Release\Enemy6.obj
         Release\Enemy7.obj
         Release\Enemy8.obj
         Release\Game.obj
         Release\GFX.obj
         Release\GrassBlock.obj
         Release\Item.obj
         Release\Keyboard.obj
         Release\main.obj
         Release\Mouse.obj
         Release\Player.obj
         Release\StoneBlock.obj
         Release\Texture.obj
         Release\Textures.obj
         Release\Tower.obj
         Release\Tower1.obj
         Release\Tower2.obj
         Release\Tower3.obj
         Release\Tower4.obj
         Release\Waves.obj
         Release\World.obj
     1>SOIL.lib(SOIL.obj) : warning LNK4075: ignoring '/EDITANDCONTINUE' due to '/OPT:ICF' specification
     1>LINK : warning LNK4098: defaultlib 'MSVCRTD' conflicts with use of other libs; use /NODEFAULTLIB:library
         Generating code
         Finished generating code
     1>SOIL.lib(image_DXT.obj) : warning LNK4099: PDB 'vc100.pdb' was not found with 'SOIL.lib(image_DXT.obj)' or at 'C:\Users\Craig\Desktop\Stuff\Games\OpenGlGame01\Release\vc100.pdb'; linking object as if no debug info
     1>SOIL.lib(image_helper.obj) : warning LNK4099: PDB 'vc100.pdb' was not found with 'SOIL.lib(image_helper.obj)' or at 'C:\Users\Craig\Desktop\Stuff\Games\OpenGlGame01\Release\vc100.pdb'; linking object as if no debug info
     1>SOIL.lib(SOIL.obj) : warning LNK4099: PDB 'vc100.pdb' was not found with 'SOIL.lib(SOIL.obj)' or at 'C:\Users\Craig\Desktop\Stuff\Games\OpenGlGame01\Release\vc100.pdb'; linking object as if no debug info
     1>SOIL.lib(stb_image_aug.obj) : warning LNK4099: PDB 'vc100.pdb' was not found with 'SOIL.lib(stb_image_aug.obj)' or at 'C:\Users\Craig\Desktop\Stuff\Games\OpenGlGame01\Release\vc100.pdb'; linking object as if no debug info
         OpenGlGame01.vcxproj -> C:\Users\Craig\Desktop\Stuff\Games\OpenGlGame01\Release\OpenGlGame01.exe
     1>Done Building Project "C:\Users\Craig\Desktop\Stuff\Games\OpenGlGame01\OpenGlGame01\OpenGlGame01.vcxproj" (Build target(s)).

Build succeeded.

Time Elapsed 00:00:04.91
