d:\dropbox files\dropbox\openglgame01\openglgame01\debug\vc120.pdb
d:\toplaywithlater\code\openglgame01\openglgame01\debug\vc120.pdb
d:\toplaywithlater\code\openglgame01\openglgame01\debug\vc120.idb
d:\toplaywithlater\code\openglgame01\openglgame01\debug\enemy7.obj
d:\toplaywithlater\code\openglgame01\openglgame01\debug\enemy8.obj
d:\toplaywithlater\code\openglgame01\openglgame01\debug\gfx.obj
d:\toplaywithlater\code\openglgame01\openglgame01\debug\grassblock.obj
d:\toplaywithlater\code\openglgame01\openglgame01\debug\item.obj
d:\toplaywithlater\code\openglgame01\openglgame01\debug\keyboard.obj
d:\toplaywithlater\code\openglgame01\openglgame01\debug\mouse.obj
d:\toplaywithlater\code\openglgame01\openglgame01\debug\player.obj
d:\toplaywithlater\code\openglgame01\openglgame01\debug\stoneblock.obj
d:\toplaywithlater\code\openglgame01\openglgame01\debug\texture.obj
d:\toplaywithlater\code\openglgame01\openglgame01\debug\textures.obj
d:\toplaywithlater\code\openglgame01\openglgame01\debug\tower.obj
d:\toplaywithlater\code\openglgame01\openglgame01\debug\tower1.obj
d:\toplaywithlater\code\openglgame01\openglgame01\debug\tower2.obj
d:\toplaywithlater\code\openglgame01\openglgame01\debug\tower3.obj
d:\toplaywithlater\code\openglgame01\openglgame01\debug\tower4.obj
d:\toplaywithlater\code\openglgame01\openglgame01\debug\waves.obj
d:\toplaywithlater\code\openglgame01\openglgame01\debug\world.obj
d:\toplaywithlater\code\openglgame01\openglgame01\debug\airblock.obj
d:\toplaywithlater\code\openglgame01\openglgame01\debug\block.obj
d:\toplaywithlater\code\openglgame01\openglgame01\debug\dirtblock.obj
d:\toplaywithlater\code\openglgame01\openglgame01\debug\enemy5.obj
d:\toplaywithlater\code\openglgame01\openglgame01\debug\enemy.obj
d:\toplaywithlater\code\openglgame01\openglgame01\debug\enemy1.obj
d:\toplaywithlater\code\openglgame01\openglgame01\debug\enemy2.obj
d:\toplaywithlater\code\openglgame01\openglgame01\debug\enemy3.obj
d:\toplaywithlater\code\openglgame01\openglgame01\debug\enemy4.obj
d:\toplaywithlater\code\openglgame01\openglgame01\debug\enemy6.obj
d:\toplaywithlater\code\openglgame01\openglgame01\debug\game.obj
d:\toplaywithlater\code\openglgame01\openglgame01\debug\main.obj
d:\dropbox files\dropbox\openglgame01\debug\openglgame01.ilk
d:\dropbox files\dropbox\openglgame01\debug\openglgame01.exe
d:\dropbox files\dropbox\openglgame01\debug\openglgame01.pdb
d:\toplaywithlater\code\openglgame01\debug\openglgame01.ilk
d:\toplaywithlater\code\openglgame01\debug\openglgame01.exe
d:\toplaywithlater\code\openglgame01\debug\openglgame01.pdb
d:\toplaywithlater\code\openglgame01\openglgame01\debug\openglgame01.tlog\cl.command.1.tlog
d:\toplaywithlater\code\openglgame01\openglgame01\debug\openglgame01.tlog\cl.read.1.tlog
d:\toplaywithlater\code\openglgame01\openglgame01\debug\openglgame01.tlog\cl.write.1.tlog
d:\toplaywithlater\code\openglgame01\openglgame01\debug\openglgame01.tlog\link.command.1.tlog
d:\toplaywithlater\code\openglgame01\openglgame01\debug\openglgame01.tlog\link.read.1.tlog
d:\toplaywithlater\code\openglgame01\openglgame01\debug\openglgame01.tlog\link.write.1.tlog
